<?xml version="1.0" encoding="UTF-8"?>
<testsuite xmlns:xsi="http://www.w3.org/2001/XMLSchema-instance" xsi:noNamespaceSchemaLocation="https://maven.apache.org/surefire/maven-surefire-plugin/xsd/surefire-test-report-3.0.xsd" version="3.0" name="com.hitzseb.ecommerce.EcommerceApplicationTests" time="10.138" tests="1" errors="0" skipped="0" failures="0">
  <properties>
[...]
</properties>
  <testcase name="contextLoads" classname="com.hitzseb.ecommerce.EcommerceApplicationTests" time="0.718">
    <system-out><![CDATA[21:11:01.317 [main] INFO org.springframework.test.context.support.AnnotationConfigContextLoaderUtils -- Could not detect default configuration classes for test class [com.hitzseb.ecommerce.EcommerceApplicationTests]: EcommerceApplicationTests does not declare any static, non-private, non-final, nested classes annotated with @Configuration.
21:11:01.455 [main] INFO org.springframework.boot.test.context.SpringBootTestContextBootstrapper -- Found @SpringBootConfiguration com.hitzseb.ecommerce.EcommerceApplication for test class com.hitzseb.ecommerce.EcommerceApplicationTests

  .   ____          _            __ _ _
 /\\ / ___'_ __ _ _(_)_ __  __ _ \ \ \ \
( ( )\___ | '_ | '_| | '_ \/ _` | \ \ \ \
 \\/  ___)| |_)| | | | | || (_| |  ) ) ) )
  '  |____| .__|_| |_|_| |_\__, | / / / /
 =========|_|==============|___/=/_/_/_/
 :: Spring Boot ::                (v3.1.0)

2023-06-10T21:11:02.146-03:00  INFO 6000 --- [           main] c.h.ecommerce.EcommerceApplicationTests  : Starting EcommerceApplicationTests using Java 17.0.1 with PID 6000 (started by Sebastian in D:\Proyectos\ecommerce)
2023-06-10T21:11:02.150-03:00  INFO 6000 --- [           main] c.h.ecommerce.EcommerceApplicationTests  : No active profile set, falling back to 1 default profile: "default"
2023-06-10T21:11:03.388-03:00  INFO 6000 --- [           main] .s.d.r.c.RepositoryConfigurationDelegate : Bootstrapping Spring Data JPA repositories in DEFAULT mode.
2023-06-10T21:11:03.496-03:00  INFO 6000 --- [           main] .s.d.r.c.RepositoryConfigurationDelegate : Finished Spring Data repository scanning in 95 ms. Found 4 JPA repository interfaces.
2023-06-10T21:11:04.317-03:00  INFO 6000 --- [           main] o.hibernate.jpa.internal.util.LogHelper  : HHH000204: Processing PersistenceUnitInfo [name: default]
2023-06-10T21:11:04.417-03:00  INFO 6000 --- [           main] org.hibernate.Version                    : HHH000412: Hibernate ORM core version 6.2.2.Final
2023-06-10T21:11:04.420-03:00  INFO 6000 --- [           main] org.hibernate.cfg.Environment            : HHH000406: Using bytecode reflection optimizer
2023-06-10T21:11:04.742-03:00  INFO 6000 --- [           main] o.h.b.i.BytecodeProviderInitiator        : HHH000021: Bytecode provider name : bytebuddy
2023-06-10T21:11:05.002-03:00  INFO 6000 --- [           main] o.s.o.j.p.SpringPersistenceUnitInfo      : No LoadTimeWeaver setup: ignoring JPA class transformer
2023-06-10T21:11:05.029-03:00  INFO 6000 --- [           main] com.zaxxer.hikari.HikariDataSource       : HikariPool-1 - Starting...
2023-06-10T21:11:05.354-03:00  INFO 6000 --- [           main] com.zaxxer.hikari.pool.HikariPool        : HikariPool-1 - Added connection conn0: url=jdbc:h2:mem:testdb user=SA
2023-06-10T21:11:05.357-03:00  INFO 6000 --- [           main] com.zaxxer.hikari.HikariDataSource       : HikariPool-1 - Start completed.
2023-06-10T21:11:05.412-03:00  INFO 6000 --- [           main] org.hibernate.orm.dialect                : HHH035001: Using dialect: org.hibernate.dialect.H2Dialect, version: 2.1.214
2023-06-10T21:11:05.912-03:00  INFO 6000 --- [           main] o.h.b.i.BytecodeProviderInitiator        : HHH000021: Bytecode provider name : bytebuddy
2023-06-10T21:11:06.963-03:00  INFO 6000 --- [           main] o.h.e.t.j.p.i.JtaPlatformInitiator       : HHH000490: Using JtaPlatform implementation: [org.hibernate.engine.transaction.jta.platform.internal.NoJtaPlatform]
Hibernate: drop table if exists cart_products cascade 
Hibernate: drop table if exists details cascade 
Hibernate: drop table if exists order_details cascade 
Hibernate: drop table if exists orders cascade 
Hibernate: drop table if exists products cascade 
Hibernate: drop table if exists users cascade 
Hibernate: drop table if exists users_orders cascade 
Hibernate: create table cart_products (product_id bigint not null, user_id bigint not null)
Hibernate: create table details (price float(53) not null, id bigint generated by default as identity, name varchar(255), primary key (id))
Hibernate: create table order_details (detail_id bigint not null, order_id bigint not null)
Hibernate: create table orders (total float(53) not null, date timestamp(6), id bigint generated by default as identity, user_id bigint, address varchar(255), buyer varchar(255), order_number varchar(255), primary key (id))
Hibernate: create table products (is_featured boolean not null, price float(53) not null, stock integer not null, id bigint generated by default as identity, description varchar(255), image varchar(255), name varchar(255), primary key (id))
Hibernate: create table users (is_enabled boolean not null, id bigint generated by default as identity, address varchar(255), name varchar(255), password varchar(255), role varchar(255) check (role in ('USER','ADMIN')), username varchar(255), verification_token varchar(255), primary key (id))
Hibernate: create table users_orders (orders_id bigint not null unique, user_id bigint not null)
Hibernate: alter table if exists cart_products add constraint FKdayy17at10up1qqwlri9cocb3 foreign key (product_id) references products
Hibernate: alter table if exists cart_products add constraint FKg068o9868oqdmcl2ils4vijao foreign key (user_id) references users
Hibernate: alter table if exists order_details add constraint FK7ga23gjnyax2m1w2ph3hjs0hh foreign key (detail_id) references details
Hibernate: alter table if exists order_details add constraint FKjyu2qbqt8gnvno9oe9j2s2ldk foreign key (order_id) references orders
Hibernate: alter table if exists orders add constraint FK32ql8ubntj5uh44ph9659tiih foreign key (user_id) references users
Hibernate: alter table if exists users_orders add constraint FK2lnf5jw8p8q0ytkr8dp0mlx6 foreign key (orders_id) references orders
Hibernate: alter table if exists users_orders add constraint FKms88pdhtsiuuusjpeij73f6df foreign key (user_id) references users
2023-06-10T21:11:07.063-03:00  INFO 6000 --- [           main] o.h.t.s.i.e.GenerationTargetToDatabase   : HHH000476: Executing script '[injected ScriptSourceInputNonExistentImpl script]'
2023-06-10T21:11:07.065-03:00  INFO 6000 --- [           main] j.LocalContainerEntityManagerFactoryBean : Initialized JPA EntityManagerFactory for persistence unit 'default'
2023-06-10T21:11:07.966-03:00  INFO 6000 --- [           main] o.s.d.j.r.query.QueryEnhancerFactory     : Hibernate is in classpath; If applicable, HQL parser will be used.
2023-06-10T21:11:08.597-03:00  WARN 6000 --- [           main] JpaBaseConfiguration$JpaWebConfiguration : spring.jpa.open-in-view is enabled by default. Therefore, database queries may be performed during view rendering. Explicitly configure spring.jpa.open-in-view to disable this warning
2023-06-10T21:11:09.151-03:00  INFO 6000 --- [           main] o.s.s.web.DefaultSecurityFilterChain     : Will secure any request with [org.springframework.security.web.session.DisableEncodeUrlFilter@7053b64b, org.springframework.security.web.context.request.async.WebAsyncManagerIntegrationFilter@7f5b0926, org.springframework.security.web.context.SecurityContextHolderFilter@724e483f, org.springframework.security.web.header.HeaderWriterFilter@1cd93693, org.springframework.security.web.csrf.CsrfFilter@1bff4b1f, org.springframework.security.web.authentication.logout.LogoutFilter@56d4481f, org.springframework.security.web.authentication.UsernamePasswordAuthenticationFilter@2fedae96, org.springframework.security.web.savedrequest.RequestCacheAwareFilter@72499396, org.springframework.security.web.servletapi.SecurityContextHolderAwareRequestFilter@483f19c0, org.springframework.security.web.authentication.rememberme.RememberMeAuthenticationFilter@44aaa987, org.springframework.security.web.authentication.AnonymousAuthenticationFilter@6eac71db, org.springframework.security.web.access.ExceptionTranslationFilter@1f8e1096, org.springframework.security.web.access.intercept.AuthorizationFilter@468dbd07]
2023-06-10T21:11:09.647-03:00  INFO 6000 --- [           main] c.h.ecommerce.EcommerceApplicationTests  : Started EcommerceApplicationTests in 7.939 seconds (process running for 9.653)
Hibernate: insert into users (address,is_enabled,name,password,role,username,verification_token,id) values (?,?,?,?,?,?,?,default)
Hibernate: insert into users (address,is_enabled,name,password,role,username,verification_token,id) values (?,?,?,?,?,?,?,default)
Hibernate: insert into users (address,is_enabled,name,password,role,username,verification_token,id) values (?,?,?,?,?,?,?,default)
Hibernate: insert into users (address,is_enabled,name,password,role,username,verification_token,id) values (?,?,?,?,?,?,?,default)
Hibernate: insert into users (address,is_enabled,name,password,role,username,verification_token,id) values (?,?,?,?,?,?,?,default)
Hibernate: insert into users (address,is_enabled,name,password,role,username,verification_token,id) values (?,?,?,?,?,?,?,default)
Hibernate: insert into users (address,is_enabled,name,password,role,username,verification_token,id) values (?,?,?,?,?,?,?,default)
Hibernate: insert into users (address,is_enabled,name,password,role,username,verification_token,id) values (?,?,?,?,?,?,?,default)
Hibernate: insert into users (address,is_enabled,name,password,role,username,verification_token,id) values (?,?,?,?,?,?,?,default)
Hibernate: insert into users (address,is_enabled,name,password,role,username,verification_token,id) values (?,?,?,?,?,?,?,default)
Hibernate: insert into users (address,is_enabled,name,password,role,username,verification_token,id) values (?,?,?,?,?,?,?,default)
Hibernate: insert into users (address,is_enabled,name,password,role,username,verification_token,id) values (?,?,?,?,?,?,?,default)
Hibernate: insert into users (address,is_enabled,name,password,role,username,verification_token,id) values (?,?,?,?,?,?,?,default)
Hibernate: insert into users (address,is_enabled,name,password,role,username,verification_token,id) values (?,?,?,?,?,?,?,default)
Hibernate: insert into users (address,is_enabled,name,password,role,username,verification_token,id) values (?,?,?,?,?,?,?,default)
Hibernate: insert into users (address,is_enabled,name,password,role,username,verification_token,id) values (?,?,?,?,?,?,?,default)
Hibernate: insert into users (address,is_enabled,name,password,role,username,verification_token,id) values (?,?,?,?,?,?,?,default)
Hibernate: insert into users (address,is_enabled,name,password,role,username,verification_token,id) values (?,?,?,?,?,?,?,default)
Hibernate: insert into users (address,is_enabled,name,password,role,username,verification_token,id) values (?,?,?,?,?,?,?,default)
Hibernate: insert into users (address,is_enabled,name,password,role,username,verification_token,id) values (?,?,?,?,?,?,?,default)
Hibernate: insert into users (address,is_enabled,name,password,role,username,verification_token,id) values (?,?,?,?,?,?,?,default)
Hibernate: insert into products (description,image,is_featured,name,price,stock,id) values (?,?,?,?,?,?,default)
Hibernate: insert into products (description,image,is_featured,name,price,stock,id) values (?,?,?,?,?,?,default)
Hibernate: insert into products (description,image,is_featured,name,price,stock,id) values (?,?,?,?,?,?,default)
Hibernate: insert into products (description,image,is_featured,name,price,stock,id) values (?,?,?,?,?,?,default)
Hibernate: insert into products (description,image,is_featured,name,price,stock,id) values (?,?,?,?,?,?,default)
Hibernate: insert into products (description,image,is_featured,name,price,stock,id) values (?,?,?,?,?,?,default)
Hibernate: insert into products (description,image,is_featured,name,price,stock,id) values (?,?,?,?,?,?,default)
Hibernate: insert into products (description,image,is_featured,name,price,stock,id) values (?,?,?,?,?,?,default)
Hibernate: insert into products (description,image,is_featured,name,price,stock,id) values (?,?,?,?,?,?,default)
Hibernate: insert into products (description,image,is_featured,name,price,stock,id) values (?,?,?,?,?,?,default)
Hibernate: insert into products (description,image,is_featured,name,price,stock,id) values (?,?,?,?,?,?,default)
Hibernate: insert into products (description,image,is_featured,name,price,stock,id) values (?,?,?,?,?,?,default)
Hibernate: insert into products (description,image,is_featured,name,price,stock,id) values (?,?,?,?,?,?,default)
Hibernate: insert into products (description,image,is_featured,name,price,stock,id) values (?,?,?,?,?,?,default)
Hibernate: insert into products (description,image,is_featured,name,price,stock,id) values (?,?,?,?,?,?,default)
Hibernate: insert into products (description,image,is_featured,name,price,stock,id) values (?,?,?,?,?,?,default)
Hibernate: insert into products (description,image,is_featured,name,price,stock,id) values (?,?,?,?,?,?,default)
Hibernate: insert into products (description,image,is_featured,name,price,stock,id) values (?,?,?,?,?,?,default)
Hibernate: insert into products (description,image,is_featured,name,price,stock,id) values (?,?,?,?,?,?,default)
Hibernate: insert into products (description,image,is_featured,name,price,stock,id) values (?,?,?,?,?,?,default)
Hibernate: insert into products (description,image,is_featured,name,price,stock,id) values (?,?,?,?,?,?,default)
Hibernate: insert into products (description,image,is_featured,name,price,stock,id) values (?,?,?,?,?,?,default)
Hibernate: insert into products (description,image,is_featured,name,price,stock,id) values (?,?,?,?,?,?,default)
Hibernate: insert into products (description,image,is_featured,name,price,stock,id) values (?,?,?,?,?,?,default)
Hibernate: insert into products (description,image,is_featured,name,price,stock,id) values (?,?,?,?,?,?,default)
Hibernate: insert into products (description,image,is_featured,name,price,stock,id) values (?,?,?,?,?,?,default)
Hibernate: insert into products (description,image,is_featured,name,price,stock,id) values (?,?,?,?,?,?,default)
Hibernate: insert into products (description,image,is_featured,name,price,stock,id) values (?,?,?,?,?,?,default)
Hibernate: insert into products (description,image,is_featured,name,price,stock,id) values (?,?,?,?,?,?,default)
Hibernate: insert into products (description,image,is_featured,name,price,stock,id) values (?,?,?,?,?,?,default)
Hibernate: insert into products (description,image,is_featured,name,price,stock,id) values (?,?,?,?,?,?,default)
Hibernate: insert into products (description,image,is_featured,name,price,stock,id) values (?,?,?,?,?,?,default)
]]></system-out>
  </testcase>
</testsuite>